<?xml version="1.0" encoding="UTF-8"?>
<!-- Generated by org.testng.reporters.JUnitXMLReporter -->
<testsuite hostname="clm-pun-u2byxw" ignored="0" name="Test" tests="4" failures="0" timestamp="2020-05-12T14:56:06 IST" time="321.04" errors="0">
  <testcase name="@AfterClass logout1" time="20.203" classname="Login.PO">
    <failure type="org.openqa.selenium.UnhandledAlertException" message="unexpected alert open: {Alert text : (10000) Record Not Saved! This was most likely caused by one of the following: 
 1. Attempting to create a record with an existing ID.

 2. A required field has been placed on the form.

 }
  (Session info: chrome=80.0.3987.132): (10000) Record Not Saved! This was most likely caused by one of the following: 
 1. Attempting to create a record with an existing ID.

 2. A required field has been placed on the form.

 
Build info: version: &amp;apos;3.141.59&amp;apos;, revision: &amp;apos;e82be7d358&amp;apos;, time: &amp;apos;2018-11-14T08:25:53&amp;apos;
System info: host: &amp;apos;CLM-PUN-U2BYXW&amp;apos;, ip: &amp;apos;10.135.57.34&amp;apos;, os.name: &amp;apos;Windows Server 2019&amp;apos;, os.arch: &amp;apos;amd64&amp;apos;, os.version: &amp;apos;10.0&amp;apos;, java.version: &amp;apos;1.8.0_241&amp;apos;
Driver info: org.openqa.selenium.chrome.ChromeDriver
Capabilities {acceptInsecureCerts: false, browserName: chrome, browserVersion: 80.0.3987.132, chrome: {chromedriverVersion: 80.0.3987.106 (f68069574609..., userDataDir: C:\Users\ADMINI~1\AppData\L...}, goog:chromeOptions: {debuggerAddress: localhost:58919}, javascriptEnabled: true, networkConnectionEnabled: false, pageLoadStrategy: normal, platform: WINDOWS, platformName: WINDOWS, proxy: Proxy(), setWindowRect: true, strictFileInteractability: false, timeouts: {implicit: 0, pageLoad: 300000, script: 30000}, unhandledPromptBehavior: dismiss and notify}
Session ID: 05856062e70debbfd800c2275b817423
*** Element info: {Using=xpath, value=//span[@id=&amp;apos;usersFirstName-btnWrap&amp;apos;]}">
      <![CDATA[org.openqa.selenium.UnhandledAlertException: unexpected alert open: {Alert text : (10000) Record Not Saved! This was most likely caused by one of the following: 
 1. Attempting to create a record with an existing ID.

 2. A required field has been placed on the form.

 }
  (Session info: chrome=80.0.3987.132): (10000) Record Not Saved! This was most likely caused by one of the following: 
 1. Attempting to create a record with an existing ID.

 2. A required field has been placed on the form.

 
Build info: version: '3.141.59', revision: 'e82be7d358', time: '2018-11-14T08:25:53'
System info: host: 'CLM-PUN-U2BYXW', ip: '10.135.57.34', os.name: 'Windows Server 2019', os.arch: 'amd64', os.version: '10.0', java.version: '1.8.0_241'
Driver info: org.openqa.selenium.chrome.ChromeDriver
Capabilities {acceptInsecureCerts: false, browserName: chrome, browserVersion: 80.0.3987.132, chrome: {chromedriverVersion: 80.0.3987.106 (f68069574609..., userDataDir: C:\Users\ADMINI~1\AppData\L...}, goog:chromeOptions: {debuggerAddress: localhost:58919}, javascriptEnabled: true, networkConnectionEnabled: false, pageLoadStrategy: normal, platform: WINDOWS, platformName: WINDOWS, proxy: Proxy(), setWindowRect: true, strictFileInteractability: false, timeouts: {implicit: 0, pageLoad: 300000, script: 30000}, unhandledPromptBehavior: dismiss and notify}
Session ID: 05856062e70debbfd800c2275b817423
*** Element info: {Using=xpath, value=//span[@id='usersFirstName-btnWrap']}
at org.openqa.selenium.remote.http.W3CHttpResponseCodec.decode(W3CHttpResponseCodec.java:120)
at org.openqa.selenium.remote.http.W3CHttpResponseCodec.decode(W3CHttpResponseCodec.java:49)
at org.openqa.selenium.remote.HttpCommandExecutor.execute(HttpCommandExecutor.java:158)
at org.openqa.selenium.remote.service.DriverCommandExecutor.execute(DriverCommandExecutor.java:83)
at org.openqa.selenium.remote.RemoteWebDriver.execute(RemoteWebDriver.java:552)
at org.openqa.selenium.remote.RemoteWebDriver.findElement(RemoteWebDriver.java:323)
at org.openqa.selenium.remote.RemoteWebDriver.findElementByXPath(RemoteWebDriver.java:428)
at org.openqa.selenium.By$ByXPath.findElement(By.java:353)
at org.openqa.selenium.remote.RemoteWebDriver.findElement(RemoteWebDriver.java:315)
at Login.LoginLogOut.logout(LoginLogOut.java:49)
at Login.PO.logout1(PO.java:52)
at java.util.ArrayList.forEach(Unknown Source)
... Removed 25 stack frames]]>
    </failure>
  </testcase> <!-- @AfterClass logout1 -->
  <testcase name="create_ticket" time="21.357" classname="Login.CreateTicket"/>
  <testcase name="create_sol" time="13.004" classname="Login.Solution"/>
  <testcase name="create_CR" time="12.64" classname="Login.PO"/>
  <testcase name="create_CR" time="12.427" classname="Login.CR"/>
</testsuite> <!-- Test -->
