<?xml version="1.0" encoding="UTF-8"?>
<testng-results skipped="0" failed="0" ignored="0" total="4" passed="4">
  <reporter-output>
  </reporter-output>
  <suite name="Suite" duration-ms="321040" started-at="2020-05-12T14:50:45 IST" finished-at="2020-05-12T14:56:06 IST">
    <groups>
    </groups>
    <test name="Test" duration-ms="321040" started-at="2020-05-12T14:50:45 IST" finished-at="2020-05-12T14:56:06 IST">
      <class name="Login.CreateTicket">
        <test-method status="PASS" signature="init()[pri:0, instance:Login.CreateTicket@527740a2]" name="init" is-config="true" duration-ms="47710" started-at="2020-05-12T14:50:45 IST" finished-at="2020-05-12T14:51:32 IST">
          <reporter-output>
          </reporter-output>
        </test-method> <!-- init -->
        <test-method status="PASS" signature="create_ticket()[pri:0, instance:Login.CreateTicket@527740a2]" name="create_ticket" duration-ms="21357" started-at="2020-05-12T14:51:32 IST" finished-at="2020-05-12T14:51:54 IST">
          <reporter-output>
          </reporter-output>
        </test-method> <!-- create_ticket -->
        <test-method status="PASS" signature="logout1()[pri:0, instance:Login.CreateTicket@527740a2]" name="logout1" is-config="true" duration-ms="20603" started-at="2020-05-12T14:51:54 IST" finished-at="2020-05-12T14:52:14 IST">
          <reporter-output>
          </reporter-output>
        </test-method> <!-- logout1 -->
      </class> <!-- Login.CreateTicket -->
      <class name="Login.CR">
        <test-method status="PASS" signature="init()[pri:0, instance:Login.CR@370736d9]" name="init" is-config="true" duration-ms="47102" started-at="2020-05-12T14:54:46 IST" finished-at="2020-05-12T14:55:33 IST">
          <reporter-output>
          </reporter-output>
        </test-method> <!-- init -->
        <test-method status="PASS" signature="create_CR()[pri:0, instance:Login.CR@370736d9]" name="create_CR" duration-ms="12427" started-at="2020-05-12T14:55:33 IST" finished-at="2020-05-12T14:55:45 IST">
          <reporter-output>
          </reporter-output>
        </test-method> <!-- create_CR -->
        <test-method status="PASS" signature="logout1()[pri:0, instance:Login.CR@370736d9]" name="logout1" is-config="true" duration-ms="20594" started-at="2020-05-12T14:55:45 IST" finished-at="2020-05-12T14:56:06 IST">
          <reporter-output>
          </reporter-output>
        </test-method> <!-- logout1 -->
      </class> <!-- Login.CR -->
      <class name="Login.PO">
        <test-method status="PASS" signature="init()[pri:0, instance:Login.PO@3108bc]" name="init" is-config="true" duration-ms="38189" started-at="2020-05-12T14:53:35 IST" finished-at="2020-05-12T14:54:13 IST">
          <reporter-output>
          </reporter-output>
        </test-method> <!-- init -->
        <test-method status="PASS" signature="create_CR()[pri:0, instance:Login.PO@3108bc]" name="create_CR" duration-ms="12640" started-at="2020-05-12T14:54:13 IST" finished-at="2020-05-12T14:54:25 IST">
          <reporter-output>
          </reporter-output>
        </test-method> <!-- create_CR -->
        <test-method status="FAIL" signature="logout1()[pri:0, instance:Login.PO@3108bc]" name="logout1" is-config="true" duration-ms="20203" started-at="2020-05-12T14:54:25 IST" finished-at="2020-05-12T14:54:46 IST">
          <exception class="org.openqa.selenium.UnhandledAlertException">
            <message>
              <![CDATA[unexpected alert open: {Alert text : (10000) Record Not Saved! This was most likely caused by one of the following: 
 1. Attempting to create a record with an existing ID.

 2. A required field has been placed on the form.

 }
  (Session info: chrome=80.0.3987.132): (10000) Record Not Saved! This was most likely caused by one of the following: 
 1. Attempting to create a record with an existing ID.

 2. A required field has been placed on the form.

 
Build info: version: '3.141.59', revision: 'e82be7d358', time: '2018-11-14T08:25:53'
System info: host: 'CLM-PUN-U2BYXW', ip: '10.135.57.34', os.name: 'Windows Server 2019', os.arch: 'amd64', os.version: '10.0', java.version: '1.8.0_241'
Driver info: org.openqa.selenium.chrome.ChromeDriver
Capabilities {acceptInsecureCerts: false, browserName: chrome, browserVersion: 80.0.3987.132, chrome: {chromedriverVersion: 80.0.3987.106 (f68069574609..., userDataDir: C:\Users\ADMINI~1\AppData\L...}, goog:chromeOptions: {debuggerAddress: localhost:58919}, javascriptEnabled: true, networkConnectionEnabled: false, pageLoadStrategy: normal, platform: WINDOWS, platformName: WINDOWS, proxy: Proxy(), setWindowRect: true, strictFileInteractability: false, timeouts: {implicit: 0, pageLoad: 300000, script: 30000}, unhandledPromptBehavior: dismiss and notify}
Session ID: 05856062e70debbfd800c2275b817423
*** Element info: {Using=xpath, value=//span[@id='usersFirstName-btnWrap']}]]>
            </message>
            <full-stacktrace>
              <![CDATA[org.openqa.selenium.UnhandledAlertException: unexpected alert open: {Alert text : (10000) Record Not Saved! This was most likely caused by one of the following: 
 1. Attempting to create a record with an existing ID.

 2. A required field has been placed on the form.

 }
  (Session info: chrome=80.0.3987.132): (10000) Record Not Saved! This was most likely caused by one of the following: 
 1. Attempting to create a record with an existing ID.

 2. A required field has been placed on the form.

 
Build info: version: '3.141.59', revision: 'e82be7d358', time: '2018-11-14T08:25:53'
System info: host: 'CLM-PUN-U2BYXW', ip: '10.135.57.34', os.name: 'Windows Server 2019', os.arch: 'amd64', os.version: '10.0', java.version: '1.8.0_241'
Driver info: org.openqa.selenium.chrome.ChromeDriver
Capabilities {acceptInsecureCerts: false, browserName: chrome, browserVersion: 80.0.3987.132, chrome: {chromedriverVersion: 80.0.3987.106 (f68069574609..., userDataDir: C:\Users\ADMINI~1\AppData\L...}, goog:chromeOptions: {debuggerAddress: localhost:58919}, javascriptEnabled: true, networkConnectionEnabled: false, pageLoadStrategy: normal, platform: WINDOWS, platformName: WINDOWS, proxy: Proxy(), setWindowRect: true, strictFileInteractability: false, timeouts: {implicit: 0, pageLoad: 300000, script: 30000}, unhandledPromptBehavior: dismiss and notify}
Session ID: 05856062e70debbfd800c2275b817423
*** Element info: {Using=xpath, value=//span[@id='usersFirstName-btnWrap']}
at org.openqa.selenium.remote.http.W3CHttpResponseCodec.decode(W3CHttpResponseCodec.java:120)
at org.openqa.selenium.remote.http.W3CHttpResponseCodec.decode(W3CHttpResponseCodec.java:49)
at org.openqa.selenium.remote.HttpCommandExecutor.execute(HttpCommandExecutor.java:158)
at org.openqa.selenium.remote.service.DriverCommandExecutor.execute(DriverCommandExecutor.java:83)
at org.openqa.selenium.remote.RemoteWebDriver.execute(RemoteWebDriver.java:552)
at org.openqa.selenium.remote.RemoteWebDriver.findElement(RemoteWebDriver.java:323)
at org.openqa.selenium.remote.RemoteWebDriver.findElementByXPath(RemoteWebDriver.java:428)
at org.openqa.selenium.By$ByXPath.findElement(By.java:353)
at org.openqa.selenium.remote.RemoteWebDriver.findElement(RemoteWebDriver.java:315)
at Login.LoginLogOut.logout(LoginLogOut.java:49)
at Login.PO.logout1(PO.java:52)
at sun.reflect.NativeMethodAccessorImpl.invoke0(Native Method)
at sun.reflect.NativeMethodAccessorImpl.invoke(Unknown Source)
at sun.reflect.DelegatingMethodAccessorImpl.invoke(Unknown Source)
at java.lang.reflect.Method.invoke(Unknown Source)
at org.testng.internal.MethodInvocationHelper.invokeMethod(MethodInvocationHelper.java:133)
at org.testng.internal.MethodInvocationHelper.invokeMethodConsideringTimeout(MethodInvocationHelper.java:62)
at org.testng.internal.ConfigInvoker.invokeConfigurationMethod(ConfigInvoker.java:340)
at org.testng.internal.ConfigInvoker.invokeConfigurations(ConfigInvoker.java:294)
at org.testng.internal.TestMethodWorker.invokeAfterClassMethods(TestMethodWorker.java:217)
at org.testng.internal.TestMethodWorker.run(TestMethodWorker.java:130)
at java.util.ArrayList.forEach(Unknown Source)
at org.testng.TestRunner.privateRun(TestRunner.java:770)
at org.testng.TestRunner.run(TestRunner.java:591)
at org.testng.SuiteRunner.runTest(SuiteRunner.java:402)
at org.testng.SuiteRunner.runSequentially(SuiteRunner.java:396)
at org.testng.SuiteRunner.privateRun(SuiteRunner.java:355)
at org.testng.SuiteRunner.run(SuiteRunner.java:304)
at org.testng.SuiteRunnerWorker.runSuite(SuiteRunnerWorker.java:53)
at org.testng.SuiteRunnerWorker.run(SuiteRunnerWorker.java:96)
at org.testng.TestNG.runSuitesSequentially(TestNG.java:1180)
at org.testng.TestNG.runSuitesLocally(TestNG.java:1102)
at org.testng.TestNG.runSuites(TestNG.java:1032)
at org.testng.TestNG.run(TestNG.java:1000)
at org.testng.remote.AbstractRemoteTestNG.run(AbstractRemoteTestNG.java:115)
at org.testng.remote.RemoteTestNG.initAndRun(RemoteTestNG.java:251)
at org.testng.remote.RemoteTestNG.main(RemoteTestNG.java:77)
]]>
            </full-stacktrace>
          </exception> <!-- org.openqa.selenium.UnhandledAlertException -->
          <reporter-output>
          </reporter-output>
        </test-method> <!-- logout1 -->
      </class> <!-- Login.PO -->
      <class name="Login.Solution">
        <test-method status="PASS" signature="init()[pri:0, instance:Login.Solution@13a5fe33]" name="init" is-config="true" duration-ms="46391" started-at="2020-05-12T14:52:14 IST" finished-at="2020-05-12T14:53:01 IST">
          <reporter-output>
          </reporter-output>
        </test-method> <!-- init -->
        <test-method status="PASS" signature="create_sol()[pri:0, instance:Login.Solution@13a5fe33]" name="create_sol" duration-ms="13004" started-at="2020-05-12T14:53:01 IST" finished-at="2020-05-12T14:53:14 IST">
          <reporter-output>
          </reporter-output>
        </test-method> <!-- create_sol -->
        <test-method status="PASS" signature="logout1()[pri:0, instance:Login.Solution@13a5fe33]" name="logout1" is-config="true" duration-ms="20694" started-at="2020-05-12T14:53:14 IST" finished-at="2020-05-12T14:53:35 IST">
          <reporter-output>
          </reporter-output>
        </test-method> <!-- logout1 -->
      </class> <!-- Login.Solution -->
    </test> <!-- Test -->
  </suite> <!-- Suite -->
</testng-results>
