<?xml version="1.0" encoding="UTF-8"?>
<testng-results skipped="0" failed="0" ignored="0" total="1" passed="1">
  <reporter-output>
  </reporter-output>
  <suite name="Default suite" duration-ms="41397" started-at="2020-04-21T16:16:57 IST" finished-at="2020-04-21T16:17:39 IST">
    <groups>
    </groups>
    <test name="Default test" duration-ms="41397" started-at="2020-04-21T16:16:57 IST" finished-at="2020-04-21T16:17:39 IST">
      <class name="Login.LoginLogOut">
        <test-method status="PASS" signature="Lunchbrowser()[pri:0, instance:Login.LoginLogOut@5abca1e0]" name="Lunchbrowser" is-config="true" duration-ms="25389" started-at="2020-04-21T16:16:57 IST" finished-at="2020-04-21T16:17:23 IST">
          <reporter-output>
          </reporter-output>
        </test-method> <!-- Lunchbrowser -->
        <test-method status="PASS" signature="login()[pri:0, instance:Login.LoginLogOut@5abca1e0]" name="login" duration-ms="5557" started-at="2020-04-21T16:17:23 IST" finished-at="2020-04-21T16:17:28 IST">
          <reporter-output>
          </reporter-output>
        </test-method> <!-- login -->
        <test-method status="PASS" signature="logout()[pri:0, instance:Login.LoginLogOut@5abca1e0]" name="logout" is-config="true" duration-ms="10407" started-at="2020-04-21T16:17:28 IST" finished-at="2020-04-21T16:17:39 IST">
          <reporter-output>
          </reporter-output>
        </test-method> <!-- logout -->
      </class> <!-- Login.LoginLogOut -->
    </test> <!-- Default test -->
  </suite> <!-- Default suite -->
</testng-results>
